
Showing logs for build [32mcb-kubecd-environment-pr-27-37-7rsk5-1[0m stage [32mfrom-build-pack[0m and container [32mstep-credential-initializer-hhpxf[0m
{"level":"warn","ts":1570611288.7783124,"logger":"fallback-logger","caller":"logging/config.go:69","msg":"Fetch GitHub commit ID from kodata failed: \"ref: refs/heads/master\" is not a valid GitHub commit ID"}
{"level":"info","ts":1570611288.7797232,"logger":"fallback-logger","caller":"creds-init/main.go:40","msg":"Credentials initialized."}

Showing logs for build [32mcb-kubecd-environment-pr-27-37-7rsk5-1[0m stage [32mfrom-build-pack[0m and container [32mstep-working-dir-initializer-rdfkw[0m
{"level":"warn","ts":1570611290.6688697,"logger":"fallback-logger","caller":"logging/config.go:69","msg":"Fetch GitHub commit ID from kodata failed: open /var/run/ko/HEAD: no such file or directory"}
{"level":"info","ts":1570611290.671531,"logger":"fallback-logger","caller":"bash/main.go:65","msg":"Successfully executed command \"mkdir -p /workspace/source /workspace/source/env\""}

Showing logs for build [32mcb-kubecd-environment-pr-27-37-7rsk5-1[0m stage [32mfrom-build-pack[0m and container [32mstep-place-tools[0m

Showing logs for build [32mcb-kubecd-environment-pr-27-37-7rsk5-1[0m stage [32mfrom-build-pack[0m and container [32mstep-git-source-cb-kubecd-environment-pr-27-37-l2tqd[0m
{"level":"warn","ts":1570611353.1314244,"logger":"fallback-logger","caller":"logging/config.go:69","msg":"Fetch GitHub commit ID from kodata failed: \"ref: refs/heads/master\" is not a valid GitHub commit ID"}
{"level":"info","ts":1570611354.3007224,"logger":"fallback-logger","caller":"git/git.go:102","msg":"Successfully cloned https://github.com/cb-kubecd/environment-pr-27-37-boot-vault-gke-staging.git @ 15e8595c5823c91995d5513cf94f4dc791762d82 in path /workspace/source"}

Showing logs for build [32mcb-kubecd-environment-pr-27-37-7rsk5-1[0m stage [32mfrom-build-pack[0m and container [32mstep-git-merge[0m
Using SHAs from PULL_REFS=master:718f2f26b98b4922d28a22201ba194c5246c3163,2:15e8595c5823c91995d5513cf94f4dc791762d82
DEBUG: ran git fetch --unshallow origin 15e8595c5823c91995d5513cf94f4dc791762d82: 718f2f26b98b4922d28a22201ba194c5246c3163: in 
DEBUG: ran git checkout master in 
DEBUG: ran git reset --hard 718f2f26b98b4922d28a22201ba194c5246c3163 in 
DEBUG: ran clean --force -d . in 
DEBUG: ran git merge 15e8595c5823c91995d5513cf94f4dc791762d82 in 
Merged SHA 15e8595c5823c91995d5513cf94f4dc791762d82 with commit message 'chore: Promote bdd-gh-1570610949 to version 0.0.1' into base branch master

Showing logs for build [32mcb-kubecd-environment-pr-27-37-7rsk5-1[0m stage [32mfrom-build-pack[0m and container [32mstep-build-helm-build[0m
WARNING: No $CHART_REPOSITORY defined so using the default value of: http://jenkins-x-chartmuseum:8080
Adding missing Helm repo: storage.googleapis.com https://storage.googleapis.com/chartmuseum.jenkins-x.io
Read credentials for https://storage.googleapis.com/chartmuseum.jenkins-x.io from vault helm/repos
Successfully added Helm repository storage.googleapis.com.
Adding missing Helm repo: jenkins-x-chartmuseum http://jenkins-x-chartmuseum:8080
Read credentials for http://jenkins-x-chartmuseum:8080 from vault helm/repos
Successfully added Helm repository jenkins-x-chartmuseum.
WARNING: No $CHART_REPOSITORY defined so using the default value of: http://jenkins-x-chartmuseum:8080
Adding missing Helm repo: chartmuseum.jenkins-x.io http://chartmuseum.jenkins-x.io
Read credentials for http://chartmuseum.jenkins-x.io from vault helm/repos
Successfully added Helm repository chartmuseum.jenkins-x.io.
